0 info it worked if it ends with ok
1 verbose cli [ '/usr/local/bin/node',
1 verbose cli   '/usr/local/bin/npm',
1 verbose cli   'run',
1 verbose cli   'tileserver' ]
2 info using npm@3.10.10
3 info using node@v6.11.2
4 verbose run-script [ 'pretileserver', 'tileserver', 'posttileserver' ]
5 info lifecycle keyboard@0.0.1~pretileserver: keyboard@0.0.1
6 silly lifecycle keyboard@0.0.1~pretileserver: no script for pretileserver, continuing
7 info lifecycle keyboard@0.0.1~tileserver: keyboard@0.0.1
8 verbose lifecycle keyboard@0.0.1~tileserver: unsafe-perm in lifecycle true
9 verbose lifecycle keyboard@0.0.1~tileserver: PATH: /usr/local/lib/node_modules/npm/bin/node-gyp-bin:/Users/jaaplous/ReactProjects/mapcontrol/node_modules/.bin:/usr/local/bin:/usr/bin:/bin:/usr/sbin:/sbin:/Library/Frameworks/Mono.framework/Versions/Current/Commands
10 verbose lifecycle keyboard@0.0.1~tileserver: CWD: /Users/jaaplous/ReactProjects/mapcontrol
11 silly lifecycle keyboard@0.0.1~tileserver: Args: [ '-c',
11 silly lifecycle   'cd ~/Documents/Kitematic/tileserver-gl/data && docker run --rm -it -v $(pwd):/data -p 1981:80 klokantech/tileserver-gl' ]
12 silly lifecycle keyboard@0.0.1~tileserver: Returned: code: 125  signal: null
13 info lifecycle keyboard@0.0.1~tileserver: Failed to exec tileserver script
14 verbose stack Error: keyboard@0.0.1 tileserver: `cd ~/Documents/Kitematic/tileserver-gl/data && docker run --rm -it -v $(pwd):/data -p 1981:80 klokantech/tileserver-gl`
14 verbose stack Exit status 125
14 verbose stack     at EventEmitter.<anonymous> (/usr/local/lib/node_modules/npm/lib/utils/lifecycle.js:255:16)
14 verbose stack     at emitTwo (events.js:106:13)
14 verbose stack     at EventEmitter.emit (events.js:191:7)
14 verbose stack     at ChildProcess.<anonymous> (/usr/local/lib/node_modules/npm/lib/utils/spawn.js:40:14)
14 verbose stack     at emitTwo (events.js:106:13)
14 verbose stack     at ChildProcess.emit (events.js:191:7)
14 verbose stack     at maybeClose (internal/child_process.js:891:16)
14 verbose stack     at Process.ChildProcess._handle.onexit (internal/child_process.js:226:5)
15 verbose pkgid keyboard@0.0.1
16 verbose cwd /Users/jaaplous/ReactProjects/mapcontrol
17 error Darwin 17.2.0
18 error argv "/usr/local/bin/node" "/usr/local/bin/npm" "run" "tileserver"
19 error node v6.11.2
20 error npm  v3.10.10
21 error code ELIFECYCLE
22 error keyboard@0.0.1 tileserver: `cd ~/Documents/Kitematic/tileserver-gl/data && docker run --rm -it -v $(pwd):/data -p 1981:80 klokantech/tileserver-gl`
22 error Exit status 125
23 error Failed at the keyboard@0.0.1 tileserver script 'cd ~/Documents/Kitematic/tileserver-gl/data && docker run --rm -it -v $(pwd):/data -p 1981:80 klokantech/tileserver-gl'.
23 error Make sure you have the latest version of node.js and npm installed.
23 error If you do, this is most likely a problem with the keyboard package,
23 error not with npm itself.
23 error Tell the author that this fails on your system:
23 error     cd ~/Documents/Kitematic/tileserver-gl/data && docker run --rm -it -v $(pwd):/data -p 1981:80 klokantech/tileserver-gl
23 error You can get information on how to open an issue for this project with:
23 error     npm bugs keyboard
23 error Or if that isn't available, you can get their info via:
23 error     npm owner ls keyboard
23 error There is likely additional logging output above.
24 verbose exit [ 1, true ]
